Sun Dec 07 10:57:04 IST 2014 Thread[main,5,main] Cleanup action starting
java.sql.SQLException: Database '${user.home}/DB' not found.
	at org.apache.derby.impl.jdbc.SQLExceptionFactory40.getSQLException(Unknown Source)
	at org.apache.derby.impl.jdbc.Util.newEmbedSQLException(Unknown Source)
	at org.apache.derby.impl.jdbc.Util.newEmbedSQLException(Unknown Source)
	at org.apache.derby.impl.jdbc.Util.generateCsSQLException(Unknown Source)
	at org.apache.derby.impl.jdbc.EmbedConnection.newSQLException(Unknown Source)
	at org.apache.derby.impl.jdbc.EmbedConnection.handleDBNotFound(Unknown Source)
	at org.apache.derby.impl.jdbc.EmbedConnection.<init>(Unknown Source)
	at org.apache.derby.impl.jdbc.EmbedConnection40.<init>(Unknown Source)
	at org.apache.derby.jdbc.Driver40.getNewEmbedConnection(Unknown Source)
	at org.apache.derby.jdbc.InternalDriver.connect(Unknown Source)
	at org.apache.derby.jdbc.EmbeddedBaseDataSource.getConnection(Unknown Source)
	at org.apache.derby.jdbc.EmbeddedBaseDataSource.getConnection(Unknown Source)
	at org.apache.derby.jdbc.EmbeddedBaseDataSource.setupResourceAdapter(Unknown Source)
	at org.apache.derby.jdbc.EmbeddedXADataSource.getXAConnection(Unknown Source)
	at com.atomikos.jdbc.AtomikosXAConnectionFactory.createPooledConnection(AtomikosXAConnectionFactory.java:60)
	at com.atomikos.datasource.pool.ConnectionPool.init(ConnectionPool.java:73)
	at com.atomikos.datasource.pool.ConnectionPool.<init>(ConnectionPool.java:60)
	at com.atomikos.jdbc.AbstractDataSourceBean.init(AbstractDataSourceBean.java:278)
	at sun.reflect.NativeMethodAccessorImpl.invoke0(Native Method)
	at sun.reflect.NativeMethodAccessorImpl.invoke(NativeMethodAccessorImpl.java:39)
	at sun.reflect.DelegatingMethodAccessorImpl.invoke(DelegatingMethodAccessorImpl.java:25)
	at java.lang.reflect.Method.invoke(Method.java:597)
	at org.springframework.beans.factory.support.AbstractAutowireCapableBeanFactory.invokeCustomInitMethod(AbstractAutowireCapableBeanFactory.java:1608)
	at org.springframework.beans.factory.support.AbstractAutowireCapableBeanFactory.invokeInitMethods(AbstractAutowireCapableBeanFactory.java:1549)
	at org.springframework.beans.factory.support.AbstractAutowireCapableBeanFactory.initializeBean(AbstractAutowireCapableBeanFactory.java:1479)
	at org.springframework.beans.factory.support.AbstractAutowireCapableBeanFactory.doCreateBean(AbstractAutowireCapableBeanFactory.java:521)
	at org.springframework.beans.factory.support.AbstractAutowireCapableBeanFactory.createBean(AbstractAutowireCapableBeanFactory.java:458)
	at org.springframework.beans.factory.support.AbstractBeanFactory$1.getObject(AbstractBeanFactory.java:295)
	at org.springframework.beans.factory.support.DefaultSingletonBeanRegistry.getSingleton(DefaultSingletonBeanRegistry.java:223)
	at org.springframework.beans.factory.support.AbstractBeanFactory.doGetBean(AbstractBeanFactory.java:292)
	at org.springframework.beans.factory.support.AbstractBeanFactory.getBean(AbstractBeanFactory.java:194)
	at org.springframework.beans.factory.support.BeanDefinitionValueResolver.resolveReference(BeanDefinitionValueResolver.java:323)
	at org.springframework.beans.factory.support.BeanDefinitionValueResolver.resolveValueIfNecessary(BeanDefinitionValueResolver.java:107)
	at org.springframework.beans.factory.support.AbstractAutowireCapableBeanFactory.applyPropertyValues(AbstractAutowireCapableBeanFactory.java:1387)
	at org.springframework.beans.factory.support.AbstractAutowireCapableBeanFactory.populateBean(AbstractAutowireCapableBeanFactory.java:1128)
	at org.springframework.beans.factory.support.AbstractAutowireCapableBeanFactory.doCreateBean(AbstractAutowireCapableBeanFactory.java:519)
	at org.springframework.beans.factory.support.AbstractAutowireCapableBeanFactory.createBean(AbstractAutowireCapableBeanFactory.java:458)
	at org.springframework.beans.factory.support.AbstractBeanFactory$1.getObject(AbstractBeanFactory.java:295)
	at org.springframework.beans.factory.support.DefaultSingletonBeanRegistry.getSingleton(DefaultSingletonBeanRegistry.java:223)
	at org.springframework.beans.factory.support.AbstractBeanFactory.doGetBean(AbstractBeanFactory.java:292)
	at org.springframework.beans.factory.support.AbstractBeanFactory.getBean(AbstractBeanFactory.java:194)
	at org.springframework.context.support.AbstractApplicationContext.getBean(AbstractApplicationContext.java:1117)
	at org.springframework.context.support.AbstractApplicationContext.finishBeanFactoryInitialization(AbstractApplicationContext.java:922)
	at org.springframework.context.support.AbstractApplicationContext.refresh(AbstractApplicationContext.java:479)
	at org.springframework.context.support.ClassPathXmlApplicationContext.<init>(ClassPathXmlApplicationContext.java:139)
	at org.springframework.context.support.ClassPathXmlApplicationContext.<init>(ClassPathXmlApplicationContext.java:83)
	at com.amsidh.mvc.servlets.App.main(App.java:17)
Caused by: java.sql.SQLException: Database '${user.home}/DB' not found.
	at org.apache.derby.impl.jdbc.SQLExceptionFactory.getSQLException(Unknown Source)
	at org.apache.derby.impl.jdbc.SQLExceptionFactory40.wrapArgsForTransportAcrossDRDA(Unknown Source)
	... 47 more
============= begin nested exception, level (1) ===========
java.sql.SQLException: Database '${user.home}/DB' not found.
	at org.apache.derby.impl.jdbc.SQLExceptionFactory.getSQLException(Unknown Source)
	at org.apache.derby.impl.jdbc.SQLExceptionFactory40.wrapArgsForTransportAcrossDRDA(Unknown Source)
	at org.apache.derby.impl.jdbc.SQLExceptionFactory40.getSQLException(Unknown Source)
	at org.apache.derby.impl.jdbc.Util.newEmbedSQLException(Unknown Source)
	at org.apache.derby.impl.jdbc.Util.newEmbedSQLException(Unknown Source)
	at org.apache.derby.impl.jdbc.Util.generateCsSQLException(Unknown Source)
	at org.apache.derby.impl.jdbc.EmbedConnection.newSQLException(Unknown Source)
	at org.apache.derby.impl.jdbc.EmbedConnection.handleDBNotFound(Unknown Source)
	at org.apache.derby.impl.jdbc.EmbedConnection.<init>(Unknown Source)
	at org.apache.derby.impl.jdbc.EmbedConnection40.<init>(Unknown Source)
	at org.apache.derby.jdbc.Driver40.getNewEmbedConnection(Unknown Source)
	at org.apache.derby.jdbc.InternalDriver.connect(Unknown Source)
	at org.apache.derby.jdbc.EmbeddedBaseDataSource.getConnection(Unknown Source)
	at org.apache.derby.jdbc.EmbeddedBaseDataSource.getConnection(Unknown Source)
	at org.apache.derby.jdbc.EmbeddedBaseDataSource.setupResourceAdapter(Unknown Source)
	at org.apache.derby.jdbc.EmbeddedXADataSource.getXAConnection(Unknown Source)
	at com.atomikos.jdbc.AtomikosXAConnectionFactory.createPooledConnection(AtomikosXAConnectionFactory.java:60)
	at com.atomikos.datasource.pool.ConnectionPool.init(ConnectionPool.java:73)
	at com.atomikos.datasource.pool.ConnectionPool.<init>(ConnectionPool.java:60)
	at com.atomikos.jdbc.AbstractDataSourceBean.init(AbstractDataSourceBean.java:278)
	at sun.reflect.NativeMethodAccessorImpl.invoke0(Native Method)
	at sun.reflect.NativeMethodAccessorImpl.invoke(NativeMethodAccessorImpl.java:39)
	at sun.reflect.DelegatingMethodAccessorImpl.invoke(DelegatingMethodAccessorImpl.java:25)
	at java.lang.reflect.Method.invoke(Method.java:597)
	at org.springframework.beans.factory.support.AbstractAutowireCapableBeanFactory.invokeCustomInitMethod(AbstractAutowireCapableBeanFactory.java:1608)
	at org.springframework.beans.factory.support.AbstractAutowireCapableBeanFactory.invokeInitMethods(AbstractAutowireCapableBeanFactory.java:1549)
	at org.springframework.beans.factory.support.AbstractAutowireCapableBeanFactory.initializeBean(AbstractAutowireCapableBeanFactory.java:1479)
	at org.springframework.beans.factory.support.AbstractAutowireCapableBeanFactory.doCreateBean(AbstractAutowireCapableBeanFactory.java:521)
	at org.springframework.beans.factory.support.AbstractAutowireCapableBeanFactory.createBean(AbstractAutowireCapableBeanFactory.java:458)
	at org.springframework.beans.factory.support.AbstractBeanFactory$1.getObject(AbstractBeanFactory.java:295)
	at org.springframework.beans.factory.support.DefaultSingletonBeanRegistry.getSingleton(DefaultSingletonBeanRegistry.java:223)
	at org.springframework.beans.factory.support.AbstractBeanFactory.doGetBean(AbstractBeanFactory.java:292)
	at org.springframework.beans.factory.support.AbstractBeanFactory.getBean(AbstractBeanFactory.java:194)
	at org.springframework.beans.factory.support.BeanDefinitionValueResolver.resolveReference(BeanDefinitionValueResolver.java:323)
	at org.springframework.beans.factory.support.BeanDefinitionValueResolver.resolveValueIfNecessary(BeanDefinitionValueResolver.java:107)
	at org.springframework.beans.factory.support.AbstractAutowireCapableBeanFactory.applyPropertyValues(AbstractAutowireCapableBeanFactory.java:1387)
	at org.springframework.beans.factory.support.AbstractAutowireCapableBeanFactory.populateBean(AbstractAutowireCapableBeanFactory.java:1128)
	at org.springframework.beans.factory.support.AbstractAutowireCapableBeanFactory.doCreateBean(AbstractAutowireCapableBeanFactory.java:519)
	at org.springframework.beans.factory.support.AbstractAutowireCapableBeanFactory.createBean(AbstractAutowireCapableBeanFactory.java:458)
	at org.springframework.beans.factory.support.AbstractBeanFactory$1.getObject(AbstractBeanFactory.java:295)
	at org.springframework.beans.factory.support.DefaultSingletonBeanRegistry.getSingleton(DefaultSingletonBeanRegistry.java:223)
	at org.springframework.beans.factory.support.AbstractBeanFactory.doGetBean(AbstractBeanFactory.java:292)
	at org.springframework.beans.factory.support.AbstractBeanFactory.getBean(AbstractBeanFactory.java:194)
	at org.springframework.context.support.AbstractApplicationContext.getBean(AbstractApplicationContext.java:1117)
	at org.springframework.context.support.AbstractApplicationContext.finishBeanFactoryInitialization(AbstractApplicationContext.java:922)
	at org.springframework.context.support.AbstractApplicationContext.refresh(AbstractApplicationContext.java:479)
	at org.springframework.context.support.ClassPathXmlApplicationContext.<init>(ClassPathXmlApplicationContext.java:139)
	at org.springframework.context.support.ClassPathXmlApplicationContext.<init>(ClassPathXmlApplicationContext.java:83)
	at com.amsidh.mvc.servlets.App.main(App.java:17)
============= end nested exception, level (1) ===========
Cleanup action completed
Sun Dec 07 10:57:06 IST 2014 Thread[main,5,main] Cleanup action starting
java.sql.SQLException: Database '${user.home}/DB' not found.
	at org.apache.derby.impl.jdbc.SQLExceptionFactory40.getSQLException(Unknown Source)
	at org.apache.derby.impl.jdbc.Util.newEmbedSQLException(Unknown Source)
	at org.apache.derby.impl.jdbc.Util.newEmbedSQLException(Unknown Source)
	at org.apache.derby.impl.jdbc.Util.generateCsSQLException(Unknown Source)
	at org.apache.derby.impl.jdbc.EmbedConnection.newSQLException(Unknown Source)
	at org.apache.derby.impl.jdbc.EmbedConnection.handleDBNotFound(Unknown Source)
	at org.apache.derby.impl.jdbc.EmbedConnection.<init>(Unknown Source)
	at org.apache.derby.impl.jdbc.EmbedConnection40.<init>(Unknown Source)
	at org.apache.derby.jdbc.Driver40.getNewEmbedConnection(Unknown Source)
	at org.apache.derby.jdbc.InternalDriver.connect(Unknown Source)
	at org.apache.derby.jdbc.EmbeddedBaseDataSource.getConnection(Unknown Source)
	at org.apache.derby.jdbc.EmbeddedBaseDataSource.getConnection(Unknown Source)
	at org.apache.derby.jdbc.EmbeddedBaseDataSource.setupResourceAdapter(Unknown Source)
	at org.apache.derby.jdbc.EmbeddedXADataSource.getXAConnection(Unknown Source)
	at com.atomikos.jdbc.AtomikosXAConnectionFactory.createPooledConnection(AtomikosXAConnectionFactory.java:60)
	at com.atomikos.datasource.pool.ConnectionPool.growPool(ConnectionPool.java:193)
	at com.atomikos.datasource.pool.ConnectionPool.borrowConnection(ConnectionPool.java:146)
	at com.atomikos.jdbc.AbstractDataSourceBean.getConnection(AbstractDataSourceBean.java:323)
	at com.atomikos.jdbc.AbstractDataSourceBean.getConnection(AbstractDataSourceBean.java:375)
	at org.hibernate.ejb.connection.InjectedDataSourceConnectionProvider.getConnection(InjectedDataSourceConnectionProvider.java:70)
	at org.hibernate.engine.jdbc.internal.JdbcServicesImpl$ConnectionProviderJdbcConnectionAccess.obtainConnection(JdbcServicesImpl.java:242)
	at org.hibernate.engine.jdbc.internal.JdbcServicesImpl.configure(JdbcServicesImpl.java:117)
	at org.hibernate.service.internal.StandardServiceRegistryImpl.configureService(StandardServiceRegistryImpl.java:75)
	at org.hibernate.service.internal.AbstractServiceRegistryImpl.initializeService(AbstractServiceRegistryImpl.java:159)
	at org.hibernate.service.internal.AbstractServiceRegistryImpl.getService(AbstractServiceRegistryImpl.java:131)
	at org.hibernate.cfg.SettingsFactory.buildSettings(SettingsFactory.java:77)
	at org.hibernate.cfg.Configuration.buildSettingsInternal(Configuration.java:2283)
	at org.hibernate.cfg.Configuration.buildSettings(Configuration.java:2279)
	at org.hibernate.cfg.Configuration.buildSessionFactory(Configuration.java:1748)
	at org.hibernate.ejb.EntityManagerFactoryImpl.<init>(EntityManagerFactoryImpl.java:94)
	at org.hibernate.ejb.Ejb3Configuration.buildEntityManagerFactory(Ejb3Configuration.java:905)
	at org.hibernate.ejb.Ejb3Configuration.buildEntityManagerFactory(Ejb3Configuration.java:890)
	at org.hibernate.ejb.HibernatePersistence.createContainerEntityManagerFactory(HibernatePersistence.java:74)
	at org.springframework.orm.jpa.LocalContainerEntityManagerFactoryBean.createNativeEntityManagerFactory(LocalContainerEntityManagerFactoryBean.java:288)
	at org.springframework.orm.jpa.AbstractEntityManagerFactoryBean.afterPropertiesSet(AbstractEntityManagerFactoryBean.java:310)
	at org.springframework.beans.factory.support.AbstractAutowireCapableBeanFactory.invokeInitMethods(AbstractAutowireCapableBeanFactory.java:1541)
	at org.springframework.beans.factory.support.AbstractAutowireCapableBeanFactory.initializeBean(AbstractAutowireCapableBeanFactory.java:1479)
	at org.springframework.beans.factory.support.AbstractAutowireCapableBeanFactory.doCreateBean(AbstractAutowireCapableBeanFactory.java:521)
	at org.springframework.beans.factory.support.AbstractAutowireCapableBeanFactory.createBean(AbstractAutowireCapableBeanFactory.java:458)
	at org.springframework.beans.factory.support.AbstractBeanFactory$1.getObject(AbstractBeanFactory.java:295)
	at org.springframework.beans.factory.support.DefaultSingletonBeanRegistry.getSingleton(DefaultSingletonBeanRegistry.java:223)
	at org.springframework.beans.factory.support.AbstractBeanFactory.doGetBean(AbstractBeanFactory.java:292)
	at org.springframework.beans.factory.support.AbstractBeanFactory.getBean(AbstractBeanFactory.java:194)
	at org.springframework.context.support.AbstractApplicationContext.getBean(AbstractApplicationContext.java:1117)
	at org.springframework.context.support.AbstractApplicationContext.finishBeanFactoryInitialization(AbstractApplicationContext.java:922)
	at org.springframework.context.support.AbstractApplicationContext.refresh(AbstractApplicationContext.java:479)
	at org.springframework.context.support.ClassPathXmlApplicationContext.<init>(ClassPathXmlApplicationContext.java:139)
	at org.springframework.context.support.ClassPathXmlApplicationContext.<init>(ClassPathXmlApplicationContext.java:83)
	at com.amsidh.mvc.servlets.App.main(App.java:17)
Caused by: java.sql.SQLException: Database '${user.home}/DB' not found.
	at org.apache.derby.impl.jdbc.SQLExceptionFactory.getSQLException(Unknown Source)
	at org.apache.derby.impl.jdbc.SQLExceptionFactory40.wrapArgsForTransportAcrossDRDA(Unknown Source)
	... 49 more
============= begin nested exception, level (1) ===========
java.sql.SQLException: Database '${user.home}/DB' not found.
	at org.apache.derby.impl.jdbc.SQLExceptionFactory.getSQLException(Unknown Source)
	at org.apache.derby.impl.jdbc.SQLExceptionFactory40.wrapArgsForTransportAcrossDRDA(Unknown Source)
	at org.apache.derby.impl.jdbc.SQLExceptionFactory40.getSQLException(Unknown Source)
	at org.apache.derby.impl.jdbc.Util.newEmbedSQLException(Unknown Source)
	at org.apache.derby.impl.jdbc.Util.newEmbedSQLException(Unknown Source)
	at org.apache.derby.impl.jdbc.Util.generateCsSQLException(Unknown Source)
	at org.apache.derby.impl.jdbc.EmbedConnection.newSQLException(Unknown Source)
	at org.apache.derby.impl.jdbc.EmbedConnection.handleDBNotFound(Unknown Source)
	at org.apache.derby.impl.jdbc.EmbedConnection.<init>(Unknown Source)
	at org.apache.derby.impl.jdbc.EmbedConnection40.<init>(Unknown Source)
	at org.apache.derby.jdbc.Driver40.getNewEmbedConnection(Unknown Source)
	at org.apache.derby.jdbc.InternalDriver.connect(Unknown Source)
	at org.apache.derby.jdbc.EmbeddedBaseDataSource.getConnection(Unknown Source)
	at org.apache.derby.jdbc.EmbeddedBaseDataSource.getConnection(Unknown Source)
	at org.apache.derby.jdbc.EmbeddedBaseDataSource.setupResourceAdapter(Unknown Source)
	at org.apache.derby.jdbc.EmbeddedXADataSource.getXAConnection(Unknown Source)
	at com.atomikos.jdbc.AtomikosXAConnectionFactory.createPooledConnection(AtomikosXAConnectionFactory.java:60)
	at com.atomikos.datasource.pool.ConnectionPool.growPool(ConnectionPool.java:193)
	at com.atomikos.datasource.pool.ConnectionPool.borrowConnection(ConnectionPool.java:146)
	at com.atomikos.jdbc.AbstractDataSourceBean.getConnection(AbstractDataSourceBean.java:323)
	at com.atomikos.jdbc.AbstractDataSourceBean.getConnection(AbstractDataSourceBean.java:375)
	at org.hibernate.ejb.connection.InjectedDataSourceConnectionProvider.getConnection(InjectedDataSourceConnectionProvider.java:70)
	at org.hibernate.engine.jdbc.internal.JdbcServicesImpl$ConnectionProviderJdbcConnectionAccess.obtainConnection(JdbcServicesImpl.java:242)
	at org.hibernate.engine.jdbc.internal.JdbcServicesImpl.configure(JdbcServicesImpl.java:117)
	at org.hibernate.service.internal.StandardServiceRegistryImpl.configureService(StandardServiceRegistryImpl.java:75)
	at org.hibernate.service.internal.AbstractServiceRegistryImpl.initializeService(AbstractServiceRegistryImpl.java:159)
	at org.hibernate.service.internal.AbstractServiceRegistryImpl.getService(AbstractServiceRegistryImpl.java:131)
	at org.hibernate.cfg.SettingsFactory.buildSettings(SettingsFactory.java:77)
	at org.hibernate.cfg.Configuration.buildSettingsInternal(Configuration.java:2283)
	at org.hibernate.cfg.Configuration.buildSettings(Configuration.java:2279)
	at org.hibernate.cfg.Configuration.buildSessionFactory(Configuration.java:1748)
	at org.hibernate.ejb.EntityManagerFactoryImpl.<init>(EntityManagerFactoryImpl.java:94)
	at org.hibernate.ejb.Ejb3Configuration.buildEntityManagerFactory(Ejb3Configuration.java:905)
	at org.hibernate.ejb.Ejb3Configuration.buildEntityManagerFactory(Ejb3Configuration.java:890)
	at org.hibernate.ejb.HibernatePersistence.createContainerEntityManagerFactory(HibernatePersistence.java:74)
	at org.springframework.orm.jpa.LocalContainerEntityManagerFactoryBean.createNativeEntityManagerFactory(LocalContainerEntityManagerFactoryBean.java:288)
	at org.springframework.orm.jpa.AbstractEntityManagerFactoryBean.afterPropertiesSet(AbstractEntityManagerFactoryBean.java:310)
	at org.springframework.beans.factory.support.AbstractAutowireCapableBeanFactory.invokeInitMethods(AbstractAutowireCapableBeanFactory.java:1541)
	at org.springframework.beans.factory.support.AbstractAutowireCapableBeanFactory.initializeBean(AbstractAutowireCapableBeanFactory.java:1479)
	at org.springframework.beans.factory.support.AbstractAutowireCapableBeanFactory.doCreateBean(AbstractAutowireCapableBeanFactory.java:521)
	at org.springframework.beans.factory.support.AbstractAutowireCapableBeanFactory.createBean(AbstractAutowireCapableBeanFactory.java:458)
	at org.springframework.beans.factory.support.AbstractBeanFactory$1.getObject(AbstractBeanFactory.java:295)
	at org.springframework.beans.factory.support.DefaultSingletonBeanRegistry.getSingleton(DefaultSingletonBeanRegistry.java:223)
	at org.springframework.beans.factory.support.AbstractBeanFactory.doGetBean(AbstractBeanFactory.java:292)
	at org.springframework.beans.factory.support.AbstractBeanFactory.getBean(AbstractBeanFactory.java:194)
	at org.springframework.context.support.AbstractApplicationContext.getBean(AbstractApplicationContext.java:1117)
	at org.springframework.context.support.AbstractApplicationContext.finishBeanFactoryInitialization(AbstractApplicationContext.java:922)
	at org.springframework.context.support.AbstractApplicationContext.refresh(AbstractApplicationContext.java:479)
	at org.springframework.context.support.ClassPathXmlApplicationContext.<init>(ClassPathXmlApplicationContext.java:139)
	at org.springframework.context.support.ClassPathXmlApplicationContext.<init>(ClassPathXmlApplicationContext.java:83)
	at com.amsidh.mvc.servlets.App.main(App.java:17)
============= end nested exception, level (1) ===========
Cleanup action completed
Sun Dec 07 10:57:08 IST 2014 Thread[main,5,main] Cleanup action starting
java.sql.SQLException: Database '${user.home}/DB' not found.
	at org.apache.derby.impl.jdbc.SQLExceptionFactory40.getSQLException(Unknown Source)
	at org.apache.derby.impl.jdbc.Util.newEmbedSQLException(Unknown Source)
	at org.apache.derby.impl.jdbc.Util.newEmbedSQLException(Unknown Source)
	at org.apache.derby.impl.jdbc.Util.generateCsSQLException(Unknown Source)
	at org.apache.derby.impl.jdbc.EmbedConnection.newSQLException(Unknown Source)
	at org.apache.derby.impl.jdbc.EmbedConnection.handleDBNotFound(Unknown Source)
	at org.apache.derby.impl.jdbc.EmbedConnection.<init>(Unknown Source)
	at org.apache.derby.impl.jdbc.EmbedConnection40.<init>(Unknown Source)
	at org.apache.derby.jdbc.Driver40.getNewEmbedConnection(Unknown Source)
	at org.apache.derby.jdbc.InternalDriver.connect(Unknown Source)
	at org.apache.derby.jdbc.EmbeddedBaseDataSource.getConnection(Unknown Source)
	at org.apache.derby.jdbc.EmbeddedBaseDataSource.getConnection(Unknown Source)
	at org.apache.derby.jdbc.EmbeddedBaseDataSource.setupResourceAdapter(Unknown Source)
	at org.apache.derby.jdbc.EmbeddedXADataSource.getXAConnection(Unknown Source)
	at com.atomikos.datasource.xa.jdbc.JdbcTransactionalResource.createXAConnection(JdbcTransactionalResource.java:220)
	at com.atomikos.datasource.xa.jdbc.JdbcTransactionalResource.refreshXAConnection(JdbcTransactionalResource.java:151)
	at com.atomikos.datasource.xa.XATransactionalResource.getXAResource(XATransactionalResource.java:365)
	at com.atomikos.datasource.xa.XATransactionalResource.endRecovery(XATransactionalResource.java:654)
	at com.atomikos.icatch.imp.TransactionServiceImp.recover(TransactionServiceImp.java:604)
	at com.atomikos.datasource.xa.XATransactionalResource.setRecoveryService(XATransactionalResource.java:495)
	at com.atomikos.icatch.system.Configuration.installRecoveryService(Configuration.java:252)
	at com.atomikos.icatch.imp.TransactionServiceImp.prepareConfigurationForPresumedAbortIfNecessary(TransactionServiceImp.java:627)
	at com.atomikos.icatch.imp.TransactionServiceImp.recover(TransactionServiceImp.java:562)
	at com.atomikos.icatch.imp.TransactionServiceImp.init(TransactionServiceImp.java:711)
	at com.atomikos.icatch.imp.BaseTransactionManager.init(BaseTransactionManager.java:189)
	at com.atomikos.icatch.standalone.StandAloneTransactionManager.init(StandAloneTransactionManager.java:104)
	at com.atomikos.icatch.standalone.UserTransactionServiceImp.init(UserTransactionServiceImp.java:266)
	at com.atomikos.icatch.config.UserTransactionServiceImp.init(UserTransactionServiceImp.java:405)
	at com.atomikos.icatch.config.UserTransactionServiceImp.init(UserTransactionServiceImp.java:569)
	at com.atomikos.icatch.jta.UserTransactionManager.startupTransactionService(UserTransactionManager.java:89)
	at com.atomikos.icatch.jta.UserTransactionManager.checkSetup(UserTransactionManager.java:77)
	at com.atomikos.icatch.jta.UserTransactionManager.init(UserTransactionManager.java:142)
	at sun.reflect.NativeMethodAccessorImpl.invoke0(Native Method)
	at sun.reflect.NativeMethodAccessorImpl.invoke(NativeMethodAccessorImpl.java:39)
	at sun.reflect.DelegatingMethodAccessorImpl.invoke(DelegatingMethodAccessorImpl.java:25)
	at java.lang.reflect.Method.invoke(Method.java:597)
	at org.springframework.beans.factory.support.AbstractAutowireCapableBeanFactory.invokeCustomInitMethod(AbstractAutowireCapableBeanFactory.java:1608)
	at org.springframework.beans.factory.support.AbstractAutowireCapableBeanFactory.invokeInitMethods(AbstractAutowireCapableBeanFactory.java:1549)
	at org.springframework.beans.factory.support.AbstractAutowireCapableBeanFactory.initializeBean(AbstractAutowireCapableBeanFactory.java:1479)
	at org.springframework.beans.factory.support.AbstractAutowireCapableBeanFactory.doCreateBean(AbstractAutowireCapableBeanFactory.java:521)
	at org.springframework.beans.factory.support.AbstractAutowireCapableBeanFactory.createBean(AbstractAutowireCapableBeanFactory.java:458)
	at org.springframework.beans.factory.support.AbstractBeanFactory$1.getObject(AbstractBeanFactory.java:295)
	at org.springframework.beans.factory.support.DefaultSingletonBeanRegistry.getSingleton(DefaultSingletonBeanRegistry.java:223)
	at org.springframework.beans.factory.support.AbstractBeanFactory.doGetBean(AbstractBeanFactory.java:292)
	at org.springframework.beans.factory.support.AbstractBeanFactory.getBean(AbstractBeanFactory.java:194)
	at org.springframework.beans.factory.support.AbstractBeanFactory.doGetBean(AbstractBeanFactory.java:285)
	at org.springframework.beans.factory.support.AbstractBeanFactory.getBean(AbstractBeanFactory.java:194)
	at org.springframework.beans.factory.support.DefaultListableBeanFactory.preInstantiateSingletons(DefaultListableBeanFactory.java:626)
	at org.springframework.context.support.AbstractApplicationContext.finishBeanFactoryInitialization(AbstractApplicationContext.java:932)
	at org.springframework.context.support.AbstractApplicationContext.refresh(AbstractApplicationContext.java:479)
	at org.springframework.context.support.ClassPathXmlApplicationContext.<init>(ClassPathXmlApplicationContext.java:139)
	at org.springframework.context.support.ClassPathXmlApplicationContext.<init>(ClassPathXmlApplicationContext.java:83)
	at com.amsidh.mvc.servlets.App.main(App.java:17)
Caused by: java.sql.SQLException: Database '${user.home}/DB' not found.
	at org.apache.derby.impl.jdbc.SQLExceptionFactory.getSQLException(Unknown Source)
	at org.apache.derby.impl.jdbc.SQLExceptionFactory40.wrapArgsForTransportAcrossDRDA(Unknown Source)
	... 53 more
============= begin nested exception, level (1) ===========
java.sql.SQLException: Database '${user.home}/DB' not found.
	at org.apache.derby.impl.jdbc.SQLExceptionFactory.getSQLException(Unknown Source)
	at org.apache.derby.impl.jdbc.SQLExceptionFactory40.wrapArgsForTransportAcrossDRDA(Unknown Source)
	at org.apache.derby.impl.jdbc.SQLExceptionFactory40.getSQLException(Unknown Source)
	at org.apache.derby.impl.jdbc.Util.newEmbedSQLException(Unknown Source)
	at org.apache.derby.impl.jdbc.Util.newEmbedSQLException(Unknown Source)
	at org.apache.derby.impl.jdbc.Util.generateCsSQLException(Unknown Source)
	at org.apache.derby.impl.jdbc.EmbedConnection.newSQLException(Unknown Source)
	at org.apache.derby.impl.jdbc.EmbedConnection.handleDBNotFound(Unknown Source)
	at org.apache.derby.impl.jdbc.EmbedConnection.<init>(Unknown Source)
	at org.apache.derby.impl.jdbc.EmbedConnection40.<init>(Unknown Source)
	at org.apache.derby.jdbc.Driver40.getNewEmbedConnection(Unknown Source)
	at org.apache.derby.jdbc.InternalDriver.connect(Unknown Source)
	at org.apache.derby.jdbc.EmbeddedBaseDataSource.getConnection(Unknown Source)
	at org.apache.derby.jdbc.EmbeddedBaseDataSource.getConnection(Unknown Source)
	at org.apache.derby.jdbc.EmbeddedBaseDataSource.setupResourceAdapter(Unknown Source)
	at org.apache.derby.jdbc.EmbeddedXADataSource.getXAConnection(Unknown Source)
	at com.atomikos.datasource.xa.jdbc.JdbcTransactionalResource.createXAConnection(JdbcTransactionalResource.java:220)
	at com.atomikos.datasource.xa.jdbc.JdbcTransactionalResource.refreshXAConnection(JdbcTransactionalResource.java:151)
	at com.atomikos.datasource.xa.XATransactionalResource.getXAResource(XATransactionalResource.java:365)
	at com.atomikos.datasource.xa.XATransactionalResource.endRecovery(XATransactionalResource.java:654)
	at com.atomikos.icatch.imp.TransactionServiceImp.recover(TransactionServiceImp.java:604)
	at com.atomikos.datasource.xa.XATransactionalResource.setRecoveryService(XATransactionalResource.java:495)
	at com.atomikos.icatch.system.Configuration.installRecoveryService(Configuration.java:252)
	at com.atomikos.icatch.imp.TransactionServiceImp.prepareConfigurationForPresumedAbortIfNecessary(TransactionServiceImp.java:627)
	at com.atomikos.icatch.imp.TransactionServiceImp.recover(TransactionServiceImp.java:562)
	at com.atomikos.icatch.imp.TransactionServiceImp.init(TransactionServiceImp.java:711)
	at com.atomikos.icatch.imp.BaseTransactionManager.init(BaseTransactionManager.java:189)
	at com.atomikos.icatch.standalone.StandAloneTransactionManager.init(StandAloneTransactionManager.java:104)
	at com.atomikos.icatch.standalone.UserTransactionServiceImp.init(UserTransactionServiceImp.java:266)
	at com.atomikos.icatch.config.UserTransactionServiceImp.init(UserTransactionServiceImp.java:405)
	at com.atomikos.icatch.config.UserTransactionServiceImp.init(UserTransactionServiceImp.java:569)
	at com.atomikos.icatch.jta.UserTransactionManager.startupTransactionService(UserTransactionManager.java:89)
	at com.atomikos.icatch.jta.UserTransactionManager.checkSetup(UserTransactionManager.java:77)
	at com.atomikos.icatch.jta.UserTransactionManager.init(UserTransactionManager.java:142)
	at sun.reflect.NativeMethodAccessorImpl.invoke0(Native Method)
	at sun.reflect.NativeMethodAccessorImpl.invoke(NativeMethodAccessorImpl.java:39)
	at sun.reflect.DelegatingMethodAccessorImpl.invoke(DelegatingMethodAccessorImpl.java:25)
	at java.lang.reflect.Method.invoke(Method.java:597)
	at org.springframework.beans.factory.support.AbstractAutowireCapableBeanFactory.invokeCustomInitMethod(AbstractAutowireCapableBeanFactory.java:1608)
	at org.springframework.beans.factory.support.AbstractAutowireCapableBeanFactory.invokeInitMethods(AbstractAutowireCapableBeanFactory.java:1549)
	at org.springframework.beans.factory.support.AbstractAutowireCapableBeanFactory.initializeBean(AbstractAutowireCapableBeanFactory.java:1479)
	at org.springframework.beans.factory.support.AbstractAutowireCapableBeanFactory.doCreateBean(AbstractAutowireCapableBeanFactory.java:521)
	at org.springframework.beans.factory.support.AbstractAutowireCapableBeanFactory.createBean(AbstractAutowireCapableBeanFactory.java:458)
	at org.springframework.beans.factory.support.AbstractBeanFactory$1.getObject(AbstractBeanFactory.java:295)
	at org.springframework.beans.factory.support.DefaultSingletonBeanRegistry.getSingleton(DefaultSingletonBeanRegistry.java:223)
	at org.springframework.beans.factory.support.AbstractBeanFactory.doGetBean(AbstractBeanFactory.java:292)
	at org.springframework.beans.factory.support.AbstractBeanFactory.getBean(AbstractBeanFactory.java:194)
	at org.springframework.beans.factory.support.AbstractBeanFactory.doGetBean(AbstractBeanFactory.java:285)
	at org.springframework.beans.factory.support.AbstractBeanFactory.getBean(AbstractBeanFactory.java:194)
	at org.springframework.beans.factory.support.DefaultListableBeanFactory.preInstantiateSingletons(DefaultListableBeanFactory.java:626)
	at org.springframework.context.support.AbstractApplicationContext.finishBeanFactoryInitialization(AbstractApplicationContext.java:932)
	at org.springframework.context.support.AbstractApplicationContext.refresh(AbstractApplicationContext.java:479)
	at org.springframework.context.support.ClassPathXmlApplicationContext.<init>(ClassPathXmlApplicationContext.java:139)
	at org.springframework.context.support.ClassPathXmlApplicationContext.<init>(ClassPathXmlApplicationContext.java:83)
	at com.amsidh.mvc.servlets.App.main(App.java:17)
============= end nested exception, level (1) ===========
Cleanup action completed
Sun Dec 07 10:57:08 IST 2014 Thread[main,5,main] Cleanup action starting
java.sql.SQLException: Database '${user.home}/DB' not found.
	at org.apache.derby.impl.jdbc.SQLExceptionFactory40.getSQLException(Unknown Source)
	at org.apache.derby.impl.jdbc.Util.newEmbedSQLException(Unknown Source)
	at org.apache.derby.impl.jdbc.Util.newEmbedSQLException(Unknown Source)
	at org.apache.derby.impl.jdbc.Util.generateCsSQLException(Unknown Source)
	at org.apache.derby.impl.jdbc.EmbedConnection.newSQLException(Unknown Source)
	at org.apache.derby.impl.jdbc.EmbedConnection.handleDBNotFound(Unknown Source)
	at org.apache.derby.impl.jdbc.EmbedConnection.<init>(Unknown Source)
	at org.apache.derby.impl.jdbc.EmbedConnection40.<init>(Unknown Source)
	at org.apache.derby.jdbc.Driver40.getNewEmbedConnection(Unknown Source)
	at org.apache.derby.jdbc.InternalDriver.connect(Unknown Source)
	at org.apache.derby.jdbc.EmbeddedBaseDataSource.getConnection(Unknown Source)
	at org.apache.derby.jdbc.EmbeddedBaseDataSource.getConnection(Unknown Source)
	at org.apache.derby.jdbc.EmbeddedBaseDataSource.setupResourceAdapter(Unknown Source)
	at org.apache.derby.jdbc.EmbeddedXADataSource.getXAConnection(Unknown Source)
	at com.atomikos.datasource.xa.jdbc.JdbcTransactionalResource.createXAConnection(JdbcTransactionalResource.java:220)
	at com.atomikos.datasource.xa.jdbc.JdbcTransactionalResource.refreshXAConnection(JdbcTransactionalResource.java:151)
	at com.atomikos.datasource.xa.XATransactionalResource.getXAResource(XATransactionalResource.java:365)
	at com.atomikos.datasource.xa.XATransactionalResource.endRecovery(XATransactionalResource.java:654)
	at com.atomikos.icatch.imp.TransactionServiceImp.recover(TransactionServiceImp.java:604)
	at com.atomikos.datasource.xa.XATransactionalResource.setRecoveryService(XATransactionalResource.java:495)
	at com.atomikos.icatch.system.Configuration.installRecoveryService(Configuration.java:252)
	at com.atomikos.icatch.imp.TransactionServiceImp.prepareConfigurationForPresumedAbortIfNecessary(TransactionServiceImp.java:627)
	at com.atomikos.icatch.imp.TransactionServiceImp.recover(TransactionServiceImp.java:562)
	at com.atomikos.icatch.imp.TransactionServiceImp.init(TransactionServiceImp.java:711)
	at com.atomikos.icatch.imp.BaseTransactionManager.init(BaseTransactionManager.java:189)
	at com.atomikos.icatch.standalone.StandAloneTransactionManager.init(StandAloneTransactionManager.java:104)
	at com.atomikos.icatch.standalone.UserTransactionServiceImp.init(UserTransactionServiceImp.java:266)
	at com.atomikos.icatch.config.UserTransactionServiceImp.init(UserTransactionServiceImp.java:405)
	at com.atomikos.icatch.config.UserTransactionServiceImp.init(UserTransactionServiceImp.java:569)
	at com.atomikos.icatch.jta.UserTransactionManager.startupTransactionService(UserTransactionManager.java:89)
	at com.atomikos.icatch.jta.UserTransactionManager.checkSetup(UserTransactionManager.java:77)
	at com.atomikos.icatch.jta.UserTransactionManager.init(UserTransactionManager.java:142)
	at sun.reflect.NativeMethodAccessorImpl.invoke0(Native Method)
	at sun.reflect.NativeMethodAccessorImpl.invoke(NativeMethodAccessorImpl.java:39)
	at sun.reflect.DelegatingMethodAccessorImpl.invoke(DelegatingMethodAccessorImpl.java:25)
	at java.lang.reflect.Method.invoke(Method.java:597)
	at org.springframework.beans.factory.support.AbstractAutowireCapableBeanFactory.invokeCustomInitMethod(AbstractAutowireCapableBeanFactory.java:1608)
	at org.springframework.beans.factory.support.AbstractAutowireCapableBeanFactory.invokeInitMethods(AbstractAutowireCapableBeanFactory.java:1549)
	at org.springframework.beans.factory.support.AbstractAutowireCapableBeanFactory.initializeBean(AbstractAutowireCapableBeanFactory.java:1479)
	at org.springframework.beans.factory.support.AbstractAutowireCapableBeanFactory.doCreateBean(AbstractAutowireCapableBeanFactory.java:521)
	at org.springframework.beans.factory.support.AbstractAutowireCapableBeanFactory.createBean(AbstractAutowireCapableBeanFactory.java:458)
	at org.springframework.beans.factory.support.AbstractBeanFactory$1.getObject(AbstractBeanFactory.java:295)
	at org.springframework.beans.factory.support.DefaultSingletonBeanRegistry.getSingleton(DefaultSingletonBeanRegistry.java:223)
	at org.springframework.beans.factory.support.AbstractBeanFactory.doGetBean(AbstractBeanFactory.java:292)
	at org.springframework.beans.factory.support.AbstractBeanFactory.getBean(AbstractBeanFactory.java:194)
	at org.springframework.beans.factory.support.AbstractBeanFactory.doGetBean(AbstractBeanFactory.java:285)
	at org.springframework.beans.factory.support.AbstractBeanFactory.getBean(AbstractBeanFactory.java:194)
	at org.springframework.beans.factory.support.DefaultListableBeanFactory.preInstantiateSingletons(DefaultListableBeanFactory.java:626)
	at org.springframework.context.support.AbstractApplicationContext.finishBeanFactoryInitialization(AbstractApplicationContext.java:932)
	at org.springframework.context.support.AbstractApplicationContext.refresh(AbstractApplicationContext.java:479)
	at org.springframework.context.support.ClassPathXmlApplicationContext.<init>(ClassPathXmlApplicationContext.java:139)
	at org.springframework.context.support.ClassPathXmlApplicationContext.<init>(ClassPathXmlApplicationContext.java:83)
	at com.amsidh.mvc.servlets.App.main(App.java:17)
Caused by: java.sql.SQLException: Database '${user.home}/DB' not found.
	at org.apache.derby.impl.jdbc.SQLExceptionFactory.getSQLException(Unknown Source)
	at org.apache.derby.impl.jdbc.SQLExceptionFactory40.wrapArgsForTransportAcrossDRDA(Unknown Source)
	... 53 more
============= begin nested exception, level (1) ===========
java.sql.SQLException: Database '${user.home}/DB' not found.
	at org.apache.derby.impl.jdbc.SQLExceptionFactory.getSQLException(Unknown Source)
	at org.apache.derby.impl.jdbc.SQLExceptionFactory40.wrapArgsForTransportAcrossDRDA(Unknown Source)
	at org.apache.derby.impl.jdbc.SQLExceptionFactory40.getSQLException(Unknown Source)
	at org.apache.derby.impl.jdbc.Util.newEmbedSQLException(Unknown Source)
	at org.apache.derby.impl.jdbc.Util.newEmbedSQLException(Unknown Source)
	at org.apache.derby.impl.jdbc.Util.generateCsSQLException(Unknown Source)
	at org.apache.derby.impl.jdbc.EmbedConnection.newSQLException(Unknown Source)
	at org.apache.derby.impl.jdbc.EmbedConnection.handleDBNotFound(Unknown Source)
	at org.apache.derby.impl.jdbc.EmbedConnection.<init>(Unknown Source)
	at org.apache.derby.impl.jdbc.EmbedConnection40.<init>(Unknown Source)
	at org.apache.derby.jdbc.Driver40.getNewEmbedConnection(Unknown Source)
	at org.apache.derby.jdbc.InternalDriver.connect(Unknown Source)
	at org.apache.derby.jdbc.EmbeddedBaseDataSource.getConnection(Unknown Source)
	at org.apache.derby.jdbc.EmbeddedBaseDataSource.getConnection(Unknown Source)
	at org.apache.derby.jdbc.EmbeddedBaseDataSource.setupResourceAdapter(Unknown Source)
	at org.apache.derby.jdbc.EmbeddedXADataSource.getXAConnection(Unknown Source)
	at com.atomikos.datasource.xa.jdbc.JdbcTransactionalResource.createXAConnection(JdbcTransactionalResource.java:220)
	at com.atomikos.datasource.xa.jdbc.JdbcTransactionalResource.refreshXAConnection(JdbcTransactionalResource.java:151)
	at com.atomikos.datasource.xa.XATransactionalResource.getXAResource(XATransactionalResource.java:365)
	at com.atomikos.datasource.xa.XATransactionalResource.endRecovery(XATransactionalResource.java:654)
	at com.atomikos.icatch.imp.TransactionServiceImp.recover(TransactionServiceImp.java:604)
	at com.atomikos.datasource.xa.XATransactionalResource.setRecoveryService(XATransactionalResource.java:495)
	at com.atomikos.icatch.system.Configuration.installRecoveryService(Configuration.java:252)
	at com.atomikos.icatch.imp.TransactionServiceImp.prepareConfigurationForPresumedAbortIfNecessary(TransactionServiceImp.java:627)
	at com.atomikos.icatch.imp.TransactionServiceImp.recover(TransactionServiceImp.java:562)
	at com.atomikos.icatch.imp.TransactionServiceImp.init(TransactionServiceImp.java:711)
	at com.atomikos.icatch.imp.BaseTransactionManager.init(BaseTransactionManager.java:189)
	at com.atomikos.icatch.standalone.StandAloneTransactionManager.init(StandAloneTransactionManager.java:104)
	at com.atomikos.icatch.standalone.UserTransactionServiceImp.init(UserTransactionServiceImp.java:266)
	at com.atomikos.icatch.config.UserTransactionServiceImp.init(UserTransactionServiceImp.java:405)
	at com.atomikos.icatch.config.UserTransactionServiceImp.init(UserTransactionServiceImp.java:569)
	at com.atomikos.icatch.jta.UserTransactionManager.startupTransactionService(UserTransactionManager.java:89)
	at com.atomikos.icatch.jta.UserTransactionManager.checkSetup(UserTransactionManager.java:77)
	at com.atomikos.icatch.jta.UserTransactionManager.init(UserTransactionManager.java:142)
	at sun.reflect.NativeMethodAccessorImpl.invoke0(Native Method)
	at sun.reflect.NativeMethodAccessorImpl.invoke(NativeMethodAccessorImpl.java:39)
	at sun.reflect.DelegatingMethodAccessorImpl.invoke(DelegatingMethodAccessorImpl.java:25)
	at java.lang.reflect.Method.invoke(Method.java:597)
	at org.springframework.beans.factory.support.AbstractAutowireCapableBeanFactory.invokeCustomInitMethod(AbstractAutowireCapableBeanFactory.java:1608)
	at org.springframework.beans.factory.support.AbstractAutowireCapableBeanFactory.invokeInitMethods(AbstractAutowireCapableBeanFactory.java:1549)
	at org.springframework.beans.factory.support.AbstractAutowireCapableBeanFactory.initializeBean(AbstractAutowireCapableBeanFactory.java:1479)
	at org.springframework.beans.factory.support.AbstractAutowireCapableBeanFactory.doCreateBean(AbstractAutowireCapableBeanFactory.java:521)
	at org.springframework.beans.factory.support.AbstractAutowireCapableBeanFactory.createBean(AbstractAutowireCapableBeanFactory.java:458)
	at org.springframework.beans.factory.support.AbstractBeanFactory$1.getObject(AbstractBeanFactory.java:295)
	at org.springframework.beans.factory.support.DefaultSingletonBeanRegistry.getSingleton(DefaultSingletonBeanRegistry.java:223)
	at org.springframework.beans.factory.support.AbstractBeanFactory.doGetBean(AbstractBeanFactory.java:292)
	at org.springframework.beans.factory.support.AbstractBeanFactory.getBean(AbstractBeanFactory.java:194)
	at org.springframework.beans.factory.support.AbstractBeanFactory.doGetBean(AbstractBeanFactory.java:285)
	at org.springframework.beans.factory.support.AbstractBeanFactory.getBean(AbstractBeanFactory.java:194)
	at org.springframework.beans.factory.support.DefaultListableBeanFactory.preInstantiateSingletons(DefaultListableBeanFactory.java:626)
	at org.springframework.context.support.AbstractApplicationContext.finishBeanFactoryInitialization(AbstractApplicationContext.java:932)
	at org.springframework.context.support.AbstractApplicationContext.refresh(AbstractApplicationContext.java:479)
	at org.springframework.context.support.ClassPathXmlApplicationContext.<init>(ClassPathXmlApplicationContext.java:139)
	at org.springframework.context.support.ClassPathXmlApplicationContext.<init>(ClassPathXmlApplicationContext.java:83)
	at com.amsidh.mvc.servlets.App.main(App.java:17)
============= end nested exception, level (1) ===========
Cleanup action completed
Sun Dec 07 10:57:08 IST 2014 Thread[main,5,main] Cleanup action starting
java.sql.SQLException: Database '${user.home}/DB' not found.
	at org.apache.derby.impl.jdbc.SQLExceptionFactory40.getSQLException(Unknown Source)
	at org.apache.derby.impl.jdbc.Util.newEmbedSQLException(Unknown Source)
	at org.apache.derby.impl.jdbc.Util.newEmbedSQLException(Unknown Source)
	at org.apache.derby.impl.jdbc.Util.generateCsSQLException(Unknown Source)
	at org.apache.derby.impl.jdbc.EmbedConnection.newSQLException(Unknown Source)
	at org.apache.derby.impl.jdbc.EmbedConnection.handleDBNotFound(Unknown Source)
	at org.apache.derby.impl.jdbc.EmbedConnection.<init>(Unknown Source)
	at org.apache.derby.impl.jdbc.EmbedConnection40.<init>(Unknown Source)
	at org.apache.derby.jdbc.Driver40.getNewEmbedConnection(Unknown Source)
	at org.apache.derby.jdbc.InternalDriver.connect(Unknown Source)
	at org.apache.derby.jdbc.EmbeddedBaseDataSource.getConnection(Unknown Source)
	at org.apache.derby.jdbc.EmbeddedBaseDataSource.getConnection(Unknown Source)
	at org.apache.derby.jdbc.EmbeddedBaseDataSource.setupResourceAdapter(Unknown Source)
	at org.apache.derby.jdbc.EmbeddedXADataSource.getXAConnection(Unknown Source)
	at com.atomikos.datasource.xa.jdbc.JdbcTransactionalResource.createXAConnection(JdbcTransactionalResource.java:220)
	at com.atomikos.datasource.xa.jdbc.JdbcTransactionalResource.refreshXAConnection(JdbcTransactionalResource.java:151)
	at com.atomikos.datasource.xa.XATransactionalResource.getXAResource(XATransactionalResource.java:365)
	at com.atomikos.datasource.xa.XATransactionalResource.endRecovery(XATransactionalResource.java:654)
	at com.atomikos.icatch.imp.TransactionServiceImp.recover(TransactionServiceImp.java:604)
	at com.atomikos.icatch.imp.TransactionServiceImp.init(TransactionServiceImp.java:711)
	at com.atomikos.icatch.imp.BaseTransactionManager.init(BaseTransactionManager.java:189)
	at com.atomikos.icatch.standalone.StandAloneTransactionManager.init(StandAloneTransactionManager.java:104)
	at com.atomikos.icatch.standalone.UserTransactionServiceImp.init(UserTransactionServiceImp.java:266)
	at com.atomikos.icatch.config.UserTransactionServiceImp.init(UserTransactionServiceImp.java:405)
	at com.atomikos.icatch.config.UserTransactionServiceImp.init(UserTransactionServiceImp.java:569)
	at com.atomikos.icatch.jta.UserTransactionManager.startupTransactionService(UserTransactionManager.java:89)
	at com.atomikos.icatch.jta.UserTransactionManager.checkSetup(UserTransactionManager.java:77)
	at com.atomikos.icatch.jta.UserTransactionManager.init(UserTransactionManager.java:142)
	at sun.reflect.NativeMethodAccessorImpl.invoke0(Native Method)
	at sun.reflect.NativeMethodAccessorImpl.invoke(NativeMethodAccessorImpl.java:39)
	at sun.reflect.DelegatingMethodAccessorImpl.invoke(DelegatingMethodAccessorImpl.java:25)
	at java.lang.reflect.Method.invoke(Method.java:597)
	at org.springframework.beans.factory.support.AbstractAutowireCapableBeanFactory.invokeCustomInitMethod(AbstractAutowireCapableBeanFactory.java:1608)
	at org.springframework.beans.factory.support.AbstractAutowireCapableBeanFactory.invokeInitMethods(AbstractAutowireCapableBeanFactory.java:1549)
	at org.springframework.beans.factory.support.AbstractAutowireCapableBeanFactory.initializeBean(AbstractAutowireCapableBeanFactory.java:1479)
	at org.springframework.beans.factory.support.AbstractAutowireCapableBeanFactory.doCreateBean(AbstractAutowireCapableBeanFactory.java:521)
	at org.springframework.beans.factory.support.AbstractAutowireCapableBeanFactory.createBean(AbstractAutowireCapableBeanFactory.java:458)
	at org.springframework.beans.factory.support.AbstractBeanFactory$1.getObject(AbstractBeanFactory.java:295)
	at org.springframework.beans.factory.support.DefaultSingletonBeanRegistry.getSingleton(DefaultSingletonBeanRegistry.java:223)
	at org.springframework.beans.factory.support.AbstractBeanFactory.doGetBean(AbstractBeanFactory.java:292)
	at org.springframework.beans.factory.support.AbstractBeanFactory.getBean(AbstractBeanFactory.java:194)
	at org.springframework.beans.factory.support.AbstractBeanFactory.doGetBean(AbstractBeanFactory.java:285)
	at org.springframework.beans.factory.support.AbstractBeanFactory.getBean(AbstractBeanFactory.java:194)
	at org.springframework.beans.factory.support.DefaultListableBeanFactory.preInstantiateSingletons(DefaultListableBeanFactory.java:626)
	at org.springframework.context.support.AbstractApplicationContext.finishBeanFactoryInitialization(AbstractApplicationContext.java:932)
	at org.springframework.context.support.AbstractApplicationContext.refresh(AbstractApplicationContext.java:479)
	at org.springframework.context.support.ClassPathXmlApplicationContext.<init>(ClassPathXmlApplicationContext.java:139)
	at org.springframework.context.support.ClassPathXmlApplicationContext.<init>(ClassPathXmlApplicationContext.java:83)
	at com.amsidh.mvc.servlets.App.main(App.java:17)
Caused by: java.sql.SQLException: Database '${user.home}/DB' not found.
	at org.apache.derby.impl.jdbc.SQLExceptionFactory.getSQLException(Unknown Source)
	at org.apache.derby.impl.jdbc.SQLExceptionFactory40.wrapArgsForTransportAcrossDRDA(Unknown Source)
	... 49 more
============= begin nested exception, level (1) ===========
java.sql.SQLException: Database '${user.home}/DB' not found.
	at org.apache.derby.impl.jdbc.SQLExceptionFactory.getSQLException(Unknown Source)
	at org.apache.derby.impl.jdbc.SQLExceptionFactory40.wrapArgsForTransportAcrossDRDA(Unknown Source)
	at org.apache.derby.impl.jdbc.SQLExceptionFactory40.getSQLException(Unknown Source)
	at org.apache.derby.impl.jdbc.Util.newEmbedSQLException(Unknown Source)
	at org.apache.derby.impl.jdbc.Util.newEmbedSQLException(Unknown Source)
	at org.apache.derby.impl.jdbc.Util.generateCsSQLException(Unknown Source)
	at org.apache.derby.impl.jdbc.EmbedConnection.newSQLException(Unknown Source)
	at org.apache.derby.impl.jdbc.EmbedConnection.handleDBNotFound(Unknown Source)
	at org.apache.derby.impl.jdbc.EmbedConnection.<init>(Unknown Source)
	at org.apache.derby.impl.jdbc.EmbedConnection40.<init>(Unknown Source)
	at org.apache.derby.jdbc.Driver40.getNewEmbedConnection(Unknown Source)
	at org.apache.derby.jdbc.InternalDriver.connect(Unknown Source)
	at org.apache.derby.jdbc.EmbeddedBaseDataSource.getConnection(Unknown Source)
	at org.apache.derby.jdbc.EmbeddedBaseDataSource.getConnection(Unknown Source)
	at org.apache.derby.jdbc.EmbeddedBaseDataSource.setupResourceAdapter(Unknown Source)
	at org.apache.derby.jdbc.EmbeddedXADataSource.getXAConnection(Unknown Source)
	at com.atomikos.datasource.xa.jdbc.JdbcTransactionalResource.createXAConnection(JdbcTransactionalResource.java:220)
	at com.atomikos.datasource.xa.jdbc.JdbcTransactionalResource.refreshXAConnection(JdbcTransactionalResource.java:151)
	at com.atomikos.datasource.xa.XATransactionalResource.getXAResource(XATransactionalResource.java:365)
	at com.atomikos.datasource.xa.XATransactionalResource.endRecovery(XATransactionalResource.java:654)
	at com.atomikos.icatch.imp.TransactionServiceImp.recover(TransactionServiceImp.java:604)
	at com.atomikos.icatch.imp.TransactionServiceImp.init(TransactionServiceImp.java:711)
	at com.atomikos.icatch.imp.BaseTransactionManager.init(BaseTransactionManager.java:189)
	at com.atomikos.icatch.standalone.StandAloneTransactionManager.init(StandAloneTransactionManager.java:104)
	at com.atomikos.icatch.standalone.UserTransactionServiceImp.init(UserTransactionServiceImp.java:266)
	at com.atomikos.icatch.config.UserTransactionServiceImp.init(UserTransactionServiceImp.java:405)
	at com.atomikos.icatch.config.UserTransactionServiceImp.init(UserTransactionServiceImp.java:569)
	at com.atomikos.icatch.jta.UserTransactionManager.startupTransactionService(UserTransactionManager.java:89)
	at com.atomikos.icatch.jta.UserTransactionManager.checkSetup(UserTransactionManager.java:77)
	at com.atomikos.icatch.jta.UserTransactionManager.init(UserTransactionManager.java:142)
	at sun.reflect.NativeMethodAccessorImpl.invoke0(Native Method)
	at sun.reflect.NativeMethodAccessorImpl.invoke(NativeMethodAccessorImpl.java:39)
	at sun.reflect.DelegatingMethodAccessorImpl.invoke(DelegatingMethodAccessorImpl.java:25)
	at java.lang.reflect.Method.invoke(Method.java:597)
	at org.springframework.beans.factory.support.AbstractAutowireCapableBeanFactory.invokeCustomInitMethod(AbstractAutowireCapableBeanFactory.java:1608)
	at org.springframework.beans.factory.support.AbstractAutowireCapableBeanFactory.invokeInitMethods(AbstractAutowireCapableBeanFactory.java:1549)
	at org.springframework.beans.factory.support.AbstractAutowireCapableBeanFactory.initializeBean(AbstractAutowireCapableBeanFactory.java:1479)
	at org.springframework.beans.factory.support.AbstractAutowireCapableBeanFactory.doCreateBean(AbstractAutowireCapableBeanFactory.java:521)
	at org.springframework.beans.factory.support.AbstractAutowireCapableBeanFactory.createBean(AbstractAutowireCapableBeanFactory.java:458)
	at org.springframework.beans.factory.support.AbstractBeanFactory$1.getObject(AbstractBeanFactory.java:295)
	at org.springframework.beans.factory.support.DefaultSingletonBeanRegistry.getSingleton(DefaultSingletonBeanRegistry.java:223)
	at org.springframework.beans.factory.support.AbstractBeanFactory.doGetBean(AbstractBeanFactory.java:292)
	at org.springframework.beans.factory.support.AbstractBeanFactory.getBean(AbstractBeanFactory.java:194)
	at org.springframework.beans.factory.support.AbstractBeanFactory.doGetBean(AbstractBeanFactory.java:285)
	at org.springframework.beans.factory.support.AbstractBeanFactory.getBean(AbstractBeanFactory.java:194)
	at org.springframework.beans.factory.support.DefaultListableBeanFactory.preInstantiateSingletons(DefaultListableBeanFactory.java:626)
	at org.springframework.context.support.AbstractApplicationContext.finishBeanFactoryInitialization(AbstractApplicationContext.java:932)
	at org.springframework.context.support.AbstractApplicationContext.refresh(AbstractApplicationContext.java:479)
	at org.springframework.context.support.ClassPathXmlApplicationContext.<init>(ClassPathXmlApplicationContext.java:139)
	at org.springframework.context.support.ClassPathXmlApplicationContext.<init>(ClassPathXmlApplicationContext.java:83)
	at com.amsidh.mvc.servlets.App.main(App.java:17)
============= end nested exception, level (1) ===========
Cleanup action completed
Sun Dec 07 10:57:08 IST 2014 Thread[main,5,main] Cleanup action starting
java.sql.SQLException: Database '${user.home}/DB' not found.
	at org.apache.derby.impl.jdbc.SQLExceptionFactory40.getSQLException(Unknown Source)
	at org.apache.derby.impl.jdbc.Util.newEmbedSQLException(Unknown Source)
	at org.apache.derby.impl.jdbc.Util.newEmbedSQLException(Unknown Source)
	at org.apache.derby.impl.jdbc.Util.generateCsSQLException(Unknown Source)
	at org.apache.derby.impl.jdbc.EmbedConnection.newSQLException(Unknown Source)
	at org.apache.derby.impl.jdbc.EmbedConnection.handleDBNotFound(Unknown Source)
	at org.apache.derby.impl.jdbc.EmbedConnection.<init>(Unknown Source)
	at org.apache.derby.impl.jdbc.EmbedConnection40.<init>(Unknown Source)
	at org.apache.derby.jdbc.Driver40.getNewEmbedConnection(Unknown Source)
	at org.apache.derby.jdbc.InternalDriver.connect(Unknown Source)
	at org.apache.derby.jdbc.EmbeddedBaseDataSource.getConnection(Unknown Source)
	at org.apache.derby.jdbc.EmbeddedBaseDataSource.getConnection(Unknown Source)
	at org.apache.derby.jdbc.EmbeddedBaseDataSource.setupResourceAdapter(Unknown Source)
	at org.apache.derby.jdbc.EmbeddedXADataSource.getXAConnection(Unknown Source)
	at com.atomikos.datasource.xa.jdbc.JdbcTransactionalResource.createXAConnection(JdbcTransactionalResource.java:220)
	at com.atomikos.datasource.xa.jdbc.JdbcTransactionalResource.refreshXAConnection(JdbcTransactionalResource.java:151)
	at com.atomikos.datasource.xa.XATransactionalResource.getXAResource(XATransactionalResource.java:365)
	at com.atomikos.datasource.xa.XATransactionalResource.endRecovery(XATransactionalResource.java:654)
	at com.atomikos.icatch.imp.TransactionServiceImp.recover(TransactionServiceImp.java:604)
	at com.atomikos.datasource.xa.XATransactionalResource.setRecoveryService(XATransactionalResource.java:495)
	at com.atomikos.icatch.system.Configuration.installRecoveryService(Configuration.java:252)
	at com.atomikos.icatch.standalone.UserTransactionServiceImp.init(UserTransactionServiceImp.java:269)
	at com.atomikos.icatch.config.UserTransactionServiceImp.init(UserTransactionServiceImp.java:405)
	at com.atomikos.icatch.config.UserTransactionServiceImp.init(UserTransactionServiceImp.java:569)
	at com.atomikos.icatch.jta.UserTransactionManager.startupTransactionService(UserTransactionManager.java:89)
	at com.atomikos.icatch.jta.UserTransactionManager.checkSetup(UserTransactionManager.java:77)
	at com.atomikos.icatch.jta.UserTransactionManager.init(UserTransactionManager.java:142)
	at sun.reflect.NativeMethodAccessorImpl.invoke0(Native Method)
	at sun.reflect.NativeMethodAccessorImpl.invoke(NativeMethodAccessorImpl.java:39)
	at sun.reflect.DelegatingMethodAccessorImpl.invoke(DelegatingMethodAccessorImpl.java:25)
	at java.lang.reflect.Method.invoke(Method.java:597)
	at org.springframework.beans.factory.support.AbstractAutowireCapableBeanFactory.invokeCustomInitMethod(AbstractAutowireCapableBeanFactory.java:1608)
	at org.springframework.beans.factory.support.AbstractAutowireCapableBeanFactory.invokeInitMethods(AbstractAutowireCapableBeanFactory.java:1549)
	at org.springframework.beans.factory.support.AbstractAutowireCapableBeanFactory.initializeBean(AbstractAutowireCapableBeanFactory.java:1479)
	at org.springframework.beans.factory.support.AbstractAutowireCapableBeanFactory.doCreateBean(AbstractAutowireCapableBeanFactory.java:521)
	at org.springframework.beans.factory.support.AbstractAutowireCapableBeanFactory.createBean(AbstractAutowireCapableBeanFactory.java:458)
	at org.springframework.beans.factory.support.AbstractBeanFactory$1.getObject(AbstractBeanFactory.java:295)
	at org.springframework.beans.factory.support.DefaultSingletonBeanRegistry.getSingleton(DefaultSingletonBeanRegistry.java:223)
	at org.springframework.beans.factory.support.AbstractBeanFactory.doGetBean(AbstractBeanFactory.java:292)
	at org.springframework.beans.factory.support.AbstractBeanFactory.getBean(AbstractBeanFactory.java:194)
	at org.springframework.beans.factory.support.AbstractBeanFactory.doGetBean(AbstractBeanFactory.java:285)
	at org.springframework.beans.factory.support.AbstractBeanFactory.getBean(AbstractBeanFactory.java:194)
	at org.springframework.beans.factory.support.DefaultListableBeanFactory.preInstantiateSingletons(DefaultListableBeanFactory.java:626)
	at org.springframework.context.support.AbstractApplicationContext.finishBeanFactoryInitialization(AbstractApplicationContext.java:932)
	at org.springframework.context.support.AbstractApplicationContext.refresh(AbstractApplicationContext.java:479)
	at org.springframework.context.support.ClassPathXmlApplicationContext.<init>(ClassPathXmlApplicationContext.java:139)
	at org.springframework.context.support.ClassPathXmlApplicationContext.<init>(ClassPathXmlApplicationContext.java:83)
	at com.amsidh.mvc.servlets.App.main(App.java:17)
Caused by: java.sql.SQLException: Database '${user.home}/DB' not found.
	at org.apache.derby.impl.jdbc.SQLExceptionFactory.getSQLException(Unknown Source)
	at org.apache.derby.impl.jdbc.SQLExceptionFactory40.wrapArgsForTransportAcrossDRDA(Unknown Source)
	... 48 more
============= begin nested exception, level (1) ===========
java.sql.SQLException: Database '${user.home}/DB' not found.
	at org.apache.derby.impl.jdbc.SQLExceptionFactory.getSQLException(Unknown Source)
	at org.apache.derby.impl.jdbc.SQLExceptionFactory40.wrapArgsForTransportAcrossDRDA(Unknown Source)
	at org.apache.derby.impl.jdbc.SQLExceptionFactory40.getSQLException(Unknown Source)
	at org.apache.derby.impl.jdbc.Util.newEmbedSQLException(Unknown Source)
	at org.apache.derby.impl.jdbc.Util.newEmbedSQLException(Unknown Source)
	at org.apache.derby.impl.jdbc.Util.generateCsSQLException(Unknown Source)
	at org.apache.derby.impl.jdbc.EmbedConnection.newSQLException(Unknown Source)
	at org.apache.derby.impl.jdbc.EmbedConnection.handleDBNotFound(Unknown Source)
	at org.apache.derby.impl.jdbc.EmbedConnection.<init>(Unknown Source)
	at org.apache.derby.impl.jdbc.EmbedConnection40.<init>(Unknown Source)
	at org.apache.derby.jdbc.Driver40.getNewEmbedConnection(Unknown Source)
	at org.apache.derby.jdbc.InternalDriver.connect(Unknown Source)
	at org.apache.derby.jdbc.EmbeddedBaseDataSource.getConnection(Unknown Source)
	at org.apache.derby.jdbc.EmbeddedBaseDataSource.getConnection(Unknown Source)
	at org.apache.derby.jdbc.EmbeddedBaseDataSource.setupResourceAdapter(Unknown Source)
	at org.apache.derby.jdbc.EmbeddedXADataSource.getXAConnection(Unknown Source)
	at com.atomikos.datasource.xa.jdbc.JdbcTransactionalResource.createXAConnection(JdbcTransactionalResource.java:220)
	at com.atomikos.datasource.xa.jdbc.JdbcTransactionalResource.refreshXAConnection(JdbcTransactionalResource.java:151)
	at com.atomikos.datasource.xa.XATransactionalResource.getXAResource(XATransactionalResource.java:365)
	at com.atomikos.datasource.xa.XATransactionalResource.endRecovery(XATransactionalResource.java:654)
	at com.atomikos.icatch.imp.TransactionServiceImp.recover(TransactionServiceImp.java:604)
	at com.atomikos.datasource.xa.XATransactionalResource.setRecoveryService(XATransactionalResource.java:495)
	at com.atomikos.icatch.system.Configuration.installRecoveryService(Configuration.java:252)
	at com.atomikos.icatch.standalone.UserTransactionServiceImp.init(UserTransactionServiceImp.java:269)
	at com.atomikos.icatch.config.UserTransactionServiceImp.init(UserTransactionServiceImp.java:405)
	at com.atomikos.icatch.config.UserTransactionServiceImp.init(UserTransactionServiceImp.java:569)
	at com.atomikos.icatch.jta.UserTransactionManager.startupTransactionService(UserTransactionManager.java:89)
	at com.atomikos.icatch.jta.UserTransactionManager.checkSetup(UserTransactionManager.java:77)
	at com.atomikos.icatch.jta.UserTransactionManager.init(UserTransactionManager.java:142)
	at sun.reflect.NativeMethodAccessorImpl.invoke0(Native Method)
	at sun.reflect.NativeMethodAccessorImpl.invoke(NativeMethodAccessorImpl.java:39)
	at sun.reflect.DelegatingMethodAccessorImpl.invoke(DelegatingMethodAccessorImpl.java:25)
	at java.lang.reflect.Method.invoke(Method.java:597)
	at org.springframework.beans.factory.support.AbstractAutowireCapableBeanFactory.invokeCustomInitMethod(AbstractAutowireCapableBeanFactory.java:1608)
	at org.springframework.beans.factory.support.AbstractAutowireCapableBeanFactory.invokeInitMethods(AbstractAutowireCapableBeanFactory.java:1549)
	at org.springframework.beans.factory.support.AbstractAutowireCapableBeanFactory.initializeBean(AbstractAutowireCapableBeanFactory.java:1479)
	at org.springframework.beans.factory.support.AbstractAutowireCapableBeanFactory.doCreateBean(AbstractAutowireCapableBeanFactory.java:521)
	at org.springframework.beans.factory.support.AbstractAutowireCapableBeanFactory.createBean(AbstractAutowireCapableBeanFactory.java:458)
	at org.springframework.beans.factory.support.AbstractBeanFactory$1.getObject(AbstractBeanFactory.java:295)
	at org.springframework.beans.factory.support.DefaultSingletonBeanRegistry.getSingleton(DefaultSingletonBeanRegistry.java:223)
	at org.springframework.beans.factory.support.AbstractBeanFactory.doGetBean(AbstractBeanFactory.java:292)
	at org.springframework.beans.factory.support.AbstractBeanFactory.getBean(AbstractBeanFactory.java:194)
	at org.springframework.beans.factory.support.AbstractBeanFactory.doGetBean(AbstractBeanFactory.java:285)
	at org.springframework.beans.factory.support.AbstractBeanFactory.getBean(AbstractBeanFactory.java:194)
	at org.springframework.beans.factory.support.DefaultListableBeanFactory.preInstantiateSingletons(DefaultListableBeanFactory.java:626)
	at org.springframework.context.support.AbstractApplicationContext.finishBeanFactoryInitialization(AbstractApplicationContext.java:932)
	at org.springframework.context.support.AbstractApplicationContext.refresh(AbstractApplicationContext.java:479)
	at org.springframework.context.support.ClassPathXmlApplicationContext.<init>(ClassPathXmlApplicationContext.java:139)
	at org.springframework.context.support.ClassPathXmlApplicationContext.<init>(ClassPathXmlApplicationContext.java:83)
	at com.amsidh.mvc.servlets.App.main(App.java:17)
============= end nested exception, level (1) ===========
Cleanup action completed
Sun Dec 07 10:57:08 IST 2014 Thread[main,5,main] Cleanup action starting
java.sql.SQLException: Database '${user.home}/DB' not found.
	at org.apache.derby.impl.jdbc.SQLExceptionFactory40.getSQLException(Unknown Source)
	at org.apache.derby.impl.jdbc.Util.newEmbedSQLException(Unknown Source)
	at org.apache.derby.impl.jdbc.Util.newEmbedSQLException(Unknown Source)
	at org.apache.derby.impl.jdbc.Util.generateCsSQLException(Unknown Source)
	at org.apache.derby.impl.jdbc.EmbedConnection.newSQLException(Unknown Source)
	at org.apache.derby.impl.jdbc.EmbedConnection.handleDBNotFound(Unknown Source)
	at org.apache.derby.impl.jdbc.EmbedConnection.<init>(Unknown Source)
	at org.apache.derby.impl.jdbc.EmbedConnection40.<init>(Unknown Source)
	at org.apache.derby.jdbc.Driver40.getNewEmbedConnection(Unknown Source)
	at org.apache.derby.jdbc.InternalDriver.connect(Unknown Source)
	at org.apache.derby.jdbc.EmbeddedBaseDataSource.getConnection(Unknown Source)
	at org.apache.derby.jdbc.EmbeddedBaseDataSource.getConnection(Unknown Source)
	at org.apache.derby.jdbc.EmbeddedBaseDataSource.setupResourceAdapter(Unknown Source)
	at org.apache.derby.jdbc.EmbeddedXADataSource.getXAConnection(Unknown Source)
	at com.atomikos.datasource.xa.jdbc.JdbcTransactionalResource.createXAConnection(JdbcTransactionalResource.java:220)
	at com.atomikos.datasource.xa.jdbc.JdbcTransactionalResource.refreshXAConnection(JdbcTransactionalResource.java:151)
	at com.atomikos.datasource.xa.XATransactionalResource.getXAResource(XATransactionalResource.java:365)
	at com.atomikos.datasource.xa.XATransactionalResource.endRecovery(XATransactionalResource.java:654)
	at com.atomikos.icatch.imp.TransactionServiceImp.recover(TransactionServiceImp.java:604)
	at com.atomikos.datasource.xa.XATransactionalResource.setRecoveryService(XATransactionalResource.java:495)
	at com.atomikos.icatch.system.Configuration.installRecoveryService(Configuration.java:252)
	at com.atomikos.icatch.standalone.UserTransactionServiceImp.init(UserTransactionServiceImp.java:269)
	at com.atomikos.icatch.config.UserTransactionServiceImp.init(UserTransactionServiceImp.java:405)
	at com.atomikos.icatch.config.UserTransactionServiceImp.init(UserTransactionServiceImp.java:569)
	at com.atomikos.icatch.jta.UserTransactionManager.startupTransactionService(UserTransactionManager.java:89)
	at com.atomikos.icatch.jta.UserTransactionManager.checkSetup(UserTransactionManager.java:77)
	at com.atomikos.icatch.jta.UserTransactionManager.init(UserTransactionManager.java:142)
	at sun.reflect.NativeMethodAccessorImpl.invoke0(Native Method)
	at sun.reflect.NativeMethodAccessorImpl.invoke(NativeMethodAccessorImpl.java:39)
	at sun.reflect.DelegatingMethodAccessorImpl.invoke(DelegatingMethodAccessorImpl.java:25)
	at java.lang.reflect.Method.invoke(Method.java:597)
	at org.springframework.beans.factory.support.AbstractAutowireCapableBeanFactory.invokeCustomInitMethod(AbstractAutowireCapableBeanFactory.java:1608)
	at org.springframework.beans.factory.support.AbstractAutowireCapableBeanFactory.invokeInitMethods(AbstractAutowireCapableBeanFactory.java:1549)
	at org.springframework.beans.factory.support.AbstractAutowireCapableBeanFactory.initializeBean(AbstractAutowireCapableBeanFactory.java:1479)
	at org.springframework.beans.factory.support.AbstractAutowireCapableBeanFactory.doCreateBean(AbstractAutowireCapableBeanFactory.java:521)
	at org.springframework.beans.factory.support.AbstractAutowireCapableBeanFactory.createBean(AbstractAutowireCapableBeanFactory.java:458)
	at org.springframework.beans.factory.support.AbstractBeanFactory$1.getObject(AbstractBeanFactory.java:295)
	at org.springframework.beans.factory.support.DefaultSingletonBeanRegistry.getSingleton(DefaultSingletonBeanRegistry.java:223)
	at org.springframework.beans.factory.support.AbstractBeanFactory.doGetBean(AbstractBeanFactory.java:292)
	at org.springframework.beans.factory.support.AbstractBeanFactory.getBean(AbstractBeanFactory.java:194)
	at org.springframework.beans.factory.support.AbstractBeanFactory.doGetBean(AbstractBeanFactory.java:285)
	at org.springframework.beans.factory.support.AbstractBeanFactory.getBean(AbstractBeanFactory.java:194)
	at org.springframework.beans.factory.support.DefaultListableBeanFactory.preInstantiateSingletons(DefaultListableBeanFactory.java:626)
	at org.springframework.context.support.AbstractApplicationContext.finishBeanFactoryInitialization(AbstractApplicationContext.java:932)
	at org.springframework.context.support.AbstractApplicationContext.refresh(AbstractApplicationContext.java:479)
	at org.springframework.context.support.ClassPathXmlApplicationContext.<init>(ClassPathXmlApplicationContext.java:139)
	at org.springframework.context.support.ClassPathXmlApplicationContext.<init>(ClassPathXmlApplicationContext.java:83)
	at com.amsidh.mvc.servlets.App.main(App.java:17)
Caused by: java.sql.SQLException: Database '${user.home}/DB' not found.
	at org.apache.derby.impl.jdbc.SQLExceptionFactory.getSQLException(Unknown Source)
	at org.apache.derby.impl.jdbc.SQLExceptionFactory40.wrapArgsForTransportAcrossDRDA(Unknown Source)
	... 48 more
============= begin nested exception, level (1) ===========
java.sql.SQLException: Database '${user.home}/DB' not found.
	at org.apache.derby.impl.jdbc.SQLExceptionFactory.getSQLException(Unknown Source)
	at org.apache.derby.impl.jdbc.SQLExceptionFactory40.wrapArgsForTransportAcrossDRDA(Unknown Source)
	at org.apache.derby.impl.jdbc.SQLExceptionFactory40.getSQLException(Unknown Source)
	at org.apache.derby.impl.jdbc.Util.newEmbedSQLException(Unknown Source)
	at org.apache.derby.impl.jdbc.Util.newEmbedSQLException(Unknown Source)
	at org.apache.derby.impl.jdbc.Util.generateCsSQLException(Unknown Source)
	at org.apache.derby.impl.jdbc.EmbedConnection.newSQLException(Unknown Source)
	at org.apache.derby.impl.jdbc.EmbedConnection.handleDBNotFound(Unknown Source)
	at org.apache.derby.impl.jdbc.EmbedConnection.<init>(Unknown Source)
	at org.apache.derby.impl.jdbc.EmbedConnection40.<init>(Unknown Source)
	at org.apache.derby.jdbc.Driver40.getNewEmbedConnection(Unknown Source)
	at org.apache.derby.jdbc.InternalDriver.connect(Unknown Source)
	at org.apache.derby.jdbc.EmbeddedBaseDataSource.getConnection(Unknown Source)
	at org.apache.derby.jdbc.EmbeddedBaseDataSource.getConnection(Unknown Source)
	at org.apache.derby.jdbc.EmbeddedBaseDataSource.setupResourceAdapter(Unknown Source)
	at org.apache.derby.jdbc.EmbeddedXADataSource.getXAConnection(Unknown Source)
	at com.atomikos.datasource.xa.jdbc.JdbcTransactionalResource.createXAConnection(JdbcTransactionalResource.java:220)
	at com.atomikos.datasource.xa.jdbc.JdbcTransactionalResource.refreshXAConnection(JdbcTransactionalResource.java:151)
	at com.atomikos.datasource.xa.XATransactionalResource.getXAResource(XATransactionalResource.java:365)
	at com.atomikos.datasource.xa.XATransactionalResource.endRecovery(XATransactionalResource.java:654)
	at com.atomikos.icatch.imp.TransactionServiceImp.recover(TransactionServiceImp.java:604)
	at com.atomikos.datasource.xa.XATransactionalResource.setRecoveryService(XATransactionalResource.java:495)
	at com.atomikos.icatch.system.Configuration.installRecoveryService(Configuration.java:252)
	at com.atomikos.icatch.standalone.UserTransactionServiceImp.init(UserTransactionServiceImp.java:269)
	at com.atomikos.icatch.config.UserTransactionServiceImp.init(UserTransactionServiceImp.java:405)
	at com.atomikos.icatch.config.UserTransactionServiceImp.init(UserTransactionServiceImp.java:569)
	at com.atomikos.icatch.jta.UserTransactionManager.startupTransactionService(UserTransactionManager.java:89)
	at com.atomikos.icatch.jta.UserTransactionManager.checkSetup(UserTransactionManager.java:77)
	at com.atomikos.icatch.jta.UserTransactionManager.init(UserTransactionManager.java:142)
	at sun.reflect.NativeMethodAccessorImpl.invoke0(Native Method)
	at sun.reflect.NativeMethodAccessorImpl.invoke(NativeMethodAccessorImpl.java:39)
	at sun.reflect.DelegatingMethodAccessorImpl.invoke(DelegatingMethodAccessorImpl.java:25)
	at java.lang.reflect.Method.invoke(Method.java:597)
	at org.springframework.beans.factory.support.AbstractAutowireCapableBeanFactory.invokeCustomInitMethod(AbstractAutowireCapableBeanFactory.java:1608)
	at org.springframework.beans.factory.support.AbstractAutowireCapableBeanFactory.invokeInitMethods(AbstractAutowireCapableBeanFactory.java:1549)
	at org.springframework.beans.factory.support.AbstractAutowireCapableBeanFactory.initializeBean(AbstractAutowireCapableBeanFactory.java:1479)
	at org.springframework.beans.factory.support.AbstractAutowireCapableBeanFactory.doCreateBean(AbstractAutowireCapableBeanFactory.java:521)
	at org.springframework.beans.factory.support.AbstractAutowireCapableBeanFactory.createBean(AbstractAutowireCapableBeanFactory.java:458)
	at org.springframework.beans.factory.support.AbstractBeanFactory$1.getObject(AbstractBeanFactory.java:295)
	at org.springframework.beans.factory.support.DefaultSingletonBeanRegistry.getSingleton(DefaultSingletonBeanRegistry.java:223)
	at org.springframework.beans.factory.support.AbstractBeanFactory.doGetBean(AbstractBeanFactory.java:292)
	at org.springframework.beans.factory.support.AbstractBeanFactory.getBean(AbstractBeanFactory.java:194)
	at org.springframework.beans.factory.support.AbstractBeanFactory.doGetBean(AbstractBeanFactory.java:285)
	at org.springframework.beans.factory.support.AbstractBeanFactory.getBean(AbstractBeanFactory.java:194)
	at org.springframework.beans.factory.support.DefaultListableBeanFactory.preInstantiateSingletons(DefaultListableBeanFactory.java:626)
	at org.springframework.context.support.AbstractApplicationContext.finishBeanFactoryInitialization(AbstractApplicationContext.java:932)
	at org.springframework.context.support.AbstractApplicationContext.refresh(AbstractApplicationContext.java:479)
	at org.springframework.context.support.ClassPathXmlApplicationContext.<init>(ClassPathXmlApplicationContext.java:139)
	at org.springframework.context.support.ClassPathXmlApplicationContext.<init>(ClassPathXmlApplicationContext.java:83)
	at com.amsidh.mvc.servlets.App.main(App.java:17)
============= end nested exception, level (1) ===========
Cleanup action completed
Sun Dec 07 10:57:09 IST 2014 Thread[main,5,main] Cleanup action starting
java.sql.SQLException: Database '${user.home}/DB' not found.
	at org.apache.derby.impl.jdbc.SQLExceptionFactory40.getSQLException(Unknown Source)
	at org.apache.derby.impl.jdbc.Util.newEmbedSQLException(Unknown Source)
	at org.apache.derby.impl.jdbc.Util.newEmbedSQLException(Unknown Source)
	at org.apache.derby.impl.jdbc.Util.generateCsSQLException(Unknown Source)
	at org.apache.derby.impl.jdbc.EmbedConnection.newSQLException(Unknown Source)
	at org.apache.derby.impl.jdbc.EmbedConnection.handleDBNotFound(Unknown Source)
	at org.apache.derby.impl.jdbc.EmbedConnection.<init>(Unknown Source)
	at org.apache.derby.impl.jdbc.EmbedConnection40.<init>(Unknown Source)
	at org.apache.derby.jdbc.Driver40.getNewEmbedConnection(Unknown Source)
	at org.apache.derby.jdbc.InternalDriver.connect(Unknown Source)
	at org.apache.derby.jdbc.EmbeddedBaseDataSource.getConnection(Unknown Source)
	at org.apache.derby.jdbc.EmbeddedBaseDataSource.getConnection(Unknown Source)
	at org.apache.derby.jdbc.EmbeddedBaseDataSource.setupResourceAdapter(Unknown Source)
	at org.apache.derby.jdbc.EmbeddedXADataSource.getXAConnection(Unknown Source)
	at com.atomikos.jdbc.AtomikosXAConnectionFactory.createPooledConnection(AtomikosXAConnectionFactory.java:60)
	at com.atomikos.datasource.pool.ConnectionPool.growPool(ConnectionPool.java:193)
	at com.atomikos.datasource.pool.ConnectionPool.borrowConnection(ConnectionPool.java:146)
	at com.atomikos.jdbc.AbstractDataSourceBean.getConnection(AbstractDataSourceBean.java:323)
	at com.atomikos.jdbc.AbstractDataSourceBean.getConnection(AbstractDataSourceBean.java:375)
	at org.hibernate.ejb.connection.InjectedDataSourceConnectionProvider.getConnection(InjectedDataSourceConnectionProvider.java:70)
	at org.hibernate.internal.AbstractSessionImpl$NonContextualJdbcConnectionAccess.obtainConnection(AbstractSessionImpl.java:292)
	at org.hibernate.engine.jdbc.internal.LogicalConnectionImpl.obtainConnection(LogicalConnectionImpl.java:297)
	at org.hibernate.engine.jdbc.internal.LogicalConnectionImpl.getConnection(LogicalConnectionImpl.java:169)
	at org.hibernate.engine.jdbc.internal.proxy.ConnectionProxyHandler.extractPhysicalConnection(ConnectionProxyHandler.java:82)
	at org.hibernate.engine.jdbc.internal.proxy.ConnectionProxyHandler.continueInvocation(ConnectionProxyHandler.java:138)
	at org.hibernate.engine.jdbc.internal.proxy.AbstractProxyHandler.invoke(AbstractProxyHandler.java:81)
	at $Proxy22.prepareStatement(Unknown Source)
	at org.hibernate.engine.jdbc.internal.StatementPreparerImpl$1.doPrepare(StatementPreparerImpl.java:84)
	at org.hibernate.engine.jdbc.internal.StatementPreparerImpl$StatementPreparationTemplate.prepareStatement(StatementPreparerImpl.java:166)
	at org.hibernate.engine.jdbc.internal.StatementPreparerImpl.prepareStatement(StatementPreparerImpl.java:77)
	at org.hibernate.engine.jdbc.batch.internal.AbstractBatchImpl.buildBatchStatement(AbstractBatchImpl.java:138)
	at org.hibernate.engine.jdbc.batch.internal.AbstractBatchImpl.getBatchStatement(AbstractBatchImpl.java:127)
	at org.hibernate.persister.entity.AbstractEntityPersister.insert(AbstractEntityPersister.java:3006)
	at org.hibernate.persister.entity.AbstractEntityPersister.insert(AbstractEntityPersister.java:3469)
	at org.hibernate.action.internal.EntityInsertAction.execute(EntityInsertAction.java:88)
	at org.hibernate.engine.spi.ActionQueue.execute(ActionQueue.java:362)
	at org.hibernate.engine.spi.ActionQueue.executeActions(ActionQueue.java:354)
	at org.hibernate.engine.spi.ActionQueue.executeActions(ActionQueue.java:275)
	at org.hibernate.event.internal.AbstractFlushingEventListener.performExecutions(AbstractFlushingEventListener.java:326)
	at org.hibernate.event.internal.DefaultFlushEventListener.onFlush(DefaultFlushEventListener.java:52)
	at org.hibernate.internal.SessionImpl.flush(SessionImpl.java:1213)
	at org.hibernate.internal.SessionImpl.managedFlush(SessionImpl.java:402)
	at org.hibernate.engine.transaction.synchronization.internal.SynchronizationCallbackCoordinatorImpl.beforeCompletion(SynchronizationCallbackCoordinatorImpl.java:104)
	at org.hibernate.engine.transaction.synchronization.internal.RegisteredSynchronization.beforeCompletion(RegisteredSynchronization.java:53)
	at com.atomikos.icatch.jta.Sync2Sync.beforeCompletion(Sync2Sync.java:56)
	at com.atomikos.icatch.imp.TransactionStateHandler.commit(TransactionStateHandler.java:243)
	at com.atomikos.icatch.imp.CompositeTransactionImp.doCommit(CompositeTransactionImp.java:287)
	at com.atomikos.icatch.imp.CompositeTerminatorImp.commit(CompositeTerminatorImp.java:77)
	at com.atomikos.icatch.imp.CompositeTransactionImp.commit(CompositeTransactionImp.java:336)
	at com.atomikos.icatch.jta.TransactionImp.commit(TransactionImp.java:208)
	at com.atomikos.icatch.jta.TransactionManagerImp.commit(TransactionManagerImp.java:501)
	at com.atomikos.icatch.jta.J2eeUserTransaction.commit(J2eeUserTransaction.java:104)
	at org.springframework.transaction.jta.JtaTransactionManager.doCommit(JtaTransactionManager.java:1011)
	at org.springframework.transaction.support.AbstractPlatformTransactionManager.processCommit(AbstractPlatformTransactionManager.java:755)
	at org.springframework.transaction.support.AbstractPlatformTransactionManager.commit(AbstractPlatformTransactionManager.java:724)
	at org.springframework.transaction.interceptor.TransactionAspectSupport.commitTransactionAfterReturning(TransactionAspectSupport.java:475)
	at org.springframework.transaction.interceptor.TransactionAspectSupport.invokeWithinTransaction(TransactionAspectSupport.java:270)
	at org.springframework.transaction.interceptor.TransactionInterceptor.invoke(TransactionInterceptor.java:94)
	at org.springframework.aop.framework.ReflectiveMethodInvocation.proceed(ReflectiveMethodInvocation.java:172)
	at org.springframework.aop.framework.JdkDynamicAopProxy.invoke(JdkDynamicAopProxy.java:204)
	at $Proxy20.persistEmployee(Unknown Source)
	at com.amsidh.mvc.servlets.App.main(App.java:27)
Caused by: java.sql.SQLException: Database '${user.home}/DB' not found.
	at org.apache.derby.impl.jdbc.SQLExceptionFactory.getSQLException(Unknown Source)
	at org.apache.derby.impl.jdbc.SQLExceptionFactory40.wrapArgsForTransportAcrossDRDA(Unknown Source)
	... 62 more
============= begin nested exception, level (1) ===========
java.sql.SQLException: Database '${user.home}/DB' not found.
	at org.apache.derby.impl.jdbc.SQLExceptionFactory.getSQLException(Unknown Source)
	at org.apache.derby.impl.jdbc.SQLExceptionFactory40.wrapArgsForTransportAcrossDRDA(Unknown Source)
	at org.apache.derby.impl.jdbc.SQLExceptionFactory40.getSQLException(Unknown Source)
	at org.apache.derby.impl.jdbc.Util.newEmbedSQLException(Unknown Source)
	at org.apache.derby.impl.jdbc.Util.newEmbedSQLException(Unknown Source)
	at org.apache.derby.impl.jdbc.Util.generateCsSQLException(Unknown Source)
	at org.apache.derby.impl.jdbc.EmbedConnection.newSQLException(Unknown Source)
	at org.apache.derby.impl.jdbc.EmbedConnection.handleDBNotFound(Unknown Source)
	at org.apache.derby.impl.jdbc.EmbedConnection.<init>(Unknown Source)
	at org.apache.derby.impl.jdbc.EmbedConnection40.<init>(Unknown Source)
	at org.apache.derby.jdbc.Driver40.getNewEmbedConnection(Unknown Source)
	at org.apache.derby.jdbc.InternalDriver.connect(Unknown Source)
	at org.apache.derby.jdbc.EmbeddedBaseDataSource.getConnection(Unknown Source)
	at org.apache.derby.jdbc.EmbeddedBaseDataSource.getConnection(Unknown Source)
	at org.apache.derby.jdbc.EmbeddedBaseDataSource.setupResourceAdapter(Unknown Source)
	at org.apache.derby.jdbc.EmbeddedXADataSource.getXAConnection(Unknown Source)
	at com.atomikos.jdbc.AtomikosXAConnectionFactory.createPooledConnection(AtomikosXAConnectionFactory.java:60)
	at com.atomikos.datasource.pool.ConnectionPool.growPool(ConnectionPool.java:193)
	at com.atomikos.datasource.pool.ConnectionPool.borrowConnection(ConnectionPool.java:146)
	at com.atomikos.jdbc.AbstractDataSourceBean.getConnection(AbstractDataSourceBean.java:323)
	at com.atomikos.jdbc.AbstractDataSourceBean.getConnection(AbstractDataSourceBean.java:375)
	at org.hibernate.ejb.connection.InjectedDataSourceConnectionProvider.getConnection(InjectedDataSourceConnectionProvider.java:70)
	at org.hibernate.internal.AbstractSessionImpl$NonContextualJdbcConnectionAccess.obtainConnection(AbstractSessionImpl.java:292)
	at org.hibernate.engine.jdbc.internal.LogicalConnectionImpl.obtainConnection(LogicalConnectionImpl.java:297)
	at org.hibernate.engine.jdbc.internal.LogicalConnectionImpl.getConnection(LogicalConnectionImpl.java:169)
	at org.hibernate.engine.jdbc.internal.proxy.ConnectionProxyHandler.extractPhysicalConnection(ConnectionProxyHandler.java:82)
	at org.hibernate.engine.jdbc.internal.proxy.ConnectionProxyHandler.continueInvocation(ConnectionProxyHandler.java:138)
	at org.hibernate.engine.jdbc.internal.proxy.AbstractProxyHandler.invoke(AbstractProxyHandler.java:81)
	at $Proxy22.prepareStatement(Unknown Source)
	at org.hibernate.engine.jdbc.internal.StatementPreparerImpl$1.doPrepare(StatementPreparerImpl.java:84)
	at org.hibernate.engine.jdbc.internal.StatementPreparerImpl$StatementPreparationTemplate.prepareStatement(StatementPreparerImpl.java:166)
	at org.hibernate.engine.jdbc.internal.StatementPreparerImpl.prepareStatement(StatementPreparerImpl.java:77)
	at org.hibernate.engine.jdbc.batch.internal.AbstractBatchImpl.buildBatchStatement(AbstractBatchImpl.java:138)
	at org.hibernate.engine.jdbc.batch.internal.AbstractBatchImpl.getBatchStatement(AbstractBatchImpl.java:127)
	at org.hibernate.persister.entity.AbstractEntityPersister.insert(AbstractEntityPersister.java:3006)
	at org.hibernate.persister.entity.AbstractEntityPersister.insert(AbstractEntityPersister.java:3469)
	at org.hibernate.action.internal.EntityInsertAction.execute(EntityInsertAction.java:88)
	at org.hibernate.engine.spi.ActionQueue.execute(ActionQueue.java:362)
	at org.hibernate.engine.spi.ActionQueue.executeActions(ActionQueue.java:354)
	at org.hibernate.engine.spi.ActionQueue.executeActions(ActionQueue.java:275)
	at org.hibernate.event.internal.AbstractFlushingEventListener.performExecutions(AbstractFlushingEventListener.java:326)
	at org.hibernate.event.internal.DefaultFlushEventListener.onFlush(DefaultFlushEventListener.java:52)
	at org.hibernate.internal.SessionImpl.flush(SessionImpl.java:1213)
	at org.hibernate.internal.SessionImpl.managedFlush(SessionImpl.java:402)
	at org.hibernate.engine.transaction.synchronization.internal.SynchronizationCallbackCoordinatorImpl.beforeCompletion(SynchronizationCallbackCoordinatorImpl.java:104)
	at org.hibernate.engine.transaction.synchronization.internal.RegisteredSynchronization.beforeCompletion(RegisteredSynchronization.java:53)
	at com.atomikos.icatch.jta.Sync2Sync.beforeCompletion(Sync2Sync.java:56)
	at com.atomikos.icatch.imp.TransactionStateHandler.commit(TransactionStateHandler.java:243)
	at com.atomikos.icatch.imp.CompositeTransactionImp.doCommit(CompositeTransactionImp.java:287)
	at com.atomikos.icatch.imp.CompositeTerminatorImp.commit(CompositeTerminatorImp.java:77)
	at com.atomikos.icatch.imp.CompositeTransactionImp.commit(CompositeTransactionImp.java:336)
	at com.atomikos.icatch.jta.TransactionImp.commit(TransactionImp.java:208)
	at com.atomikos.icatch.jta.TransactionManagerImp.commit(TransactionManagerImp.java:501)
	at com.atomikos.icatch.jta.J2eeUserTransaction.commit(J2eeUserTransaction.java:104)
	at org.springframework.transaction.jta.JtaTransactionManager.doCommit(JtaTransactionManager.java:1011)
	at org.springframework.transaction.support.AbstractPlatformTransactionManager.processCommit(AbstractPlatformTransactionManager.java:755)
	at org.springframework.transaction.support.AbstractPlatformTransactionManager.commit(AbstractPlatformTransactionManager.java:724)
	at org.springframework.transaction.interceptor.TransactionAspectSupport.commitTransactionAfterReturning(TransactionAspectSupport.java:475)
	at org.springframework.transaction.interceptor.TransactionAspectSupport.invokeWithinTransaction(TransactionAspectSupport.java:270)
	at org.springframework.transaction.interceptor.TransactionInterceptor.invoke(TransactionInterceptor.java:94)
	at org.springframework.aop.framework.ReflectiveMethodInvocation.proceed(ReflectiveMethodInvocation.java:172)
	at org.springframework.aop.framework.JdkDynamicAopProxy.invoke(JdkDynamicAopProxy.java:204)
	at $Proxy20.persistEmployee(Unknown Source)
	at com.amsidh.mvc.servlets.App.main(App.java:27)
============= end nested exception, level (1) ===========
Cleanup action completed
